{"level":"info","message":"Database query executed","params":{"args":{"where":{"deleted_at":null}},"duration":3980},"query":"transactions.count","timestamp":"2025-01-03T03:18:03.359Z"}
{"level":"info","message":"Database query executed","params":{"args":{"include":{"categories":true,"payment_methods":true,"transaction_status":true,"transaction_types":true,"users":true},"orderBy":{"transaction_date":"desc"},"skip":0,"take":10,"where":{"deleted_at":null}},"duration":4627},"query":"transactions.findMany","timestamp":"2025-01-03T03:18:04.004Z"}
{"action":"getTransactions","arguments":[1,10,{}],"level":"info","message":"Server action executed","result":"success","timestamp":"2025-01-03T03:18:04.006Z"}
{"level":"info","message":"Database query executed","params":{"args":{"select":{"id":true,"name":true},"where":{"deleted_at":null}},"duration":402},"query":"transaction_types.findMany","timestamp":"2025-01-03T03:18:04.476Z"}
{"level":"info","message":"Database query executed","params":{"args":{"select":{"id":true,"name":true},"where":{"deleted_at":null}},"duration":405},"query":"categories.findMany","timestamp":"2025-01-03T03:18:04.479Z"}
{"level":"info","message":"Database query executed","params":{"args":{"select":{"id":true,"name":true},"where":{"deleted_at":null}},"duration":1831},"query":"payment_methods.findMany","timestamp":"2025-01-03T03:18:05.905Z"}
{"action":"getTransactionFormOptions","arguments":[],"level":"info","message":"Server action executed","result":"success","timestamp":"2025-01-03T03:18:05.906Z"}
{"level":"info","message":"Database query executed","params":{"args":{"where":{"deleted_at":null}},"duration":407},"query":"transactions.count","timestamp":"2025-01-03T03:18:17.855Z"}
{"level":"info","message":"Database query executed","params":{"args":{"include":{"categories":true,"payment_methods":true,"transaction_status":true,"transaction_types":true,"users":true},"orderBy":{"transaction_date":"desc"},"skip":0,"take":10,"where":{"deleted_at":null}},"duration":1424},"query":"transactions.findMany","timestamp":"2025-01-03T03:18:18.871Z"}
{"action":"getTransactions","arguments":[1,10,{}],"level":"info","message":"Server action executed","result":"success","timestamp":"2025-01-03T03:18:18.873Z"}
{"level":"info","message":"Database query executed","params":{"args":{"select":{"id":true,"name":true},"where":{"deleted_at":null}},"duration":202},"query":"categories.findMany","timestamp":"2025-01-03T03:18:19.117Z"}
{"level":"info","message":"Database query executed","params":{"args":{"select":{"id":true,"name":true},"where":{"deleted_at":null}},"duration":403},"query":"transaction_types.findMany","timestamp":"2025-01-03T03:18:19.318Z"}
{"level":"info","message":"Database query executed","params":{"args":{"select":{"id":true,"name":true},"where":{"deleted_at":null}},"duration":601},"query":"payment_methods.findMany","timestamp":"2025-01-03T03:18:19.517Z"}
{"action":"getTransactionFormOptions","arguments":[],"level":"info","message":"Server action executed","result":"success","timestamp":"2025-01-03T03:18:19.518Z"}
{"level":"info","message":"Database query executed","params":{"args":{"where":{"deleted_at":null}},"duration":396},"query":"transactions.count","timestamp":"2025-01-03T03:18:25.541Z"}
{"level":"info","message":"Database query executed","params":{"args":{"include":{"categories":true,"payment_methods":true,"transaction_status":true,"transaction_types":true,"users":true},"orderBy":{"transaction_date":"desc"},"skip":0,"take":10,"where":{"deleted_at":null}},"duration":2411},"query":"transactions.findMany","timestamp":"2025-01-03T03:18:27.554Z"}
{"action":"getTransactions","arguments":[1,10,{}],"level":"info","message":"Server action executed","result":"success","timestamp":"2025-01-03T03:18:27.555Z"}
{"level":"info","message":"Database query executed","params":{"args":{"select":{"id":true,"name":true},"where":{"deleted_at":null}},"duration":201},"query":"payment_methods.findMany","timestamp":"2025-01-03T03:18:27.804Z"}
{"level":"info","message":"Database query executed","params":{"args":{"select":{"id":true,"name":true},"where":{"deleted_at":null}},"duration":403},"query":"categories.findMany","timestamp":"2025-01-03T03:18:28.006Z"}
{"level":"info","message":"Database query executed","params":{"args":{"select":{"id":true,"name":true},"where":{"deleted_at":null}},"duration":404},"query":"transaction_types.findMany","timestamp":"2025-01-03T03:18:28.007Z"}
{"action":"getTransactionFormOptions","arguments":[],"level":"info","message":"Server action executed","result":"success","timestamp":"2025-01-03T03:18:28.008Z"}
{"level":"info","message":"Database query executed","params":{"args":{"data":{"amount":100050,"category_id":"f4e42427-67a7-4070-8e14-5cb5c8291f51","description":"Internet bill1","payment_method_id":"832c6773-928f-4a2d-8cb3-1f21a683cb76","transaction_date":"2025-01-27","type_id":"57ef1036-c600-46b6-834d-1cd01a72762b","updated_at":"2025-01-03T03:18:28.069Z"},"where":{"id":"6037dffd-3c2c-4ec0-b565-1dac57d6b478"}},"duration":414},"query":"transactions.update","timestamp":"2025-01-03T03:18:28.483Z"}
{"action":"updateTransaction","arguments":["6037dffd-3c2c-4ec0-b565-1dac57d6b478",{"amount":100050,"category_id":"f4e42427-67a7-4070-8e14-5cb5c8291f51","date":"2025-01-27","name":"Internet bill1","payment_method_id":"832c6773-928f-4a2d-8cb3-1f21a683cb76","type_id":"57ef1036-c600-46b6-834d-1cd01a72762b"}],"level":"info","message":"Server action executed","result":"success","timestamp":"2025-01-03T03:18:28.484Z"}
{"level":"info","message":"Database query executed","params":{"args":{"where":{"deleted_at":null}},"duration":609},"query":"transactions.count","timestamp":"2025-01-03T03:18:35.816Z"}
{"level":"info","message":"Database query executed","params":{"args":{"include":{"categories":true,"payment_methods":true,"transaction_status":true,"transaction_types":true,"users":true},"orderBy":{"transaction_date":"desc"},"skip":0,"take":10,"where":{"deleted_at":null}},"duration":1415},"query":"transactions.findMany","timestamp":"2025-01-03T03:18:36.621Z"}
{"action":"getTransactions","arguments":[1,10,{}],"level":"info","message":"Server action executed","result":"success","timestamp":"2025-01-03T03:18:36.622Z"}
{"level":"info","message":"Database query executed","params":{"args":{"select":{"id":true,"name":true},"where":{"deleted_at":null}},"duration":201},"query":"categories.findMany","timestamp":"2025-01-03T03:18:36.867Z"}
{"level":"info","message":"Database query executed","params":{"args":{"select":{"id":true,"name":true},"where":{"deleted_at":null}},"duration":202},"query":"payment_methods.findMany","timestamp":"2025-01-03T03:18:36.868Z"}
{"level":"info","message":"Database query executed","params":{"args":{"select":{"id":true,"name":true},"where":{"deleted_at":null}},"duration":204},"query":"transaction_types.findMany","timestamp":"2025-01-03T03:18:36.869Z"}
{"action":"getTransactionFormOptions","arguments":[],"level":"info","message":"Server action executed","result":"success","timestamp":"2025-01-03T03:18:36.869Z"}
{"action":"getTransactions","arguments":[1,10,{}],"level":"info","message":"Server action executed","result":"success","timestamp":"2025-01-03T03:40:03.823Z"}
{"action":"getTransactionFormOptions","arguments":[],"level":"info","message":"Server action executed","result":"success","timestamp":"2025-01-03T03:40:04.305Z"}
{"action":"getTransactions","arguments":[1,10,{}],"level":"info","message":"Server action executed","result":"success","timestamp":"2025-01-03T03:40:54.288Z"}
{"action":"getTransactionFormOptions","arguments":[],"level":"info","message":"Server action executed","result":"success","timestamp":"2025-01-03T03:40:54.749Z"}
{"action":"getTransactions","arguments":[1,10,{}],"level":"info","message":"Server action executed","result":"success","timestamp":"2025-01-03T03:41:13.558Z"}
{"action":"getTransactionFormOptions","arguments":[],"level":"info","message":"Server action executed","result":"success","timestamp":"2025-01-03T03:41:15.489Z"}
{"action":"getTransactions","arguments":[1,10,{}],"level":"info","message":"Server action executed","result":"success","timestamp":"2025-01-03T03:41:52.531Z"}
{"action":"getTransactionFormOptions","arguments":[],"level":"info","message":"Server action executed","result":"success","timestamp":"2025-01-03T03:41:54.458Z"}
{"action":"getTransactions","arguments":[1,10,{}],"level":"info","message":"Server action executed","result":"success","timestamp":"2025-01-03T03:43:59.848Z"}
{"action":"getTransactionFormOptions","arguments":[],"level":"info","message":"Server action executed","result":"success","timestamp":"2025-01-03T03:44:00.535Z"}
{"action":"getTransactions","arguments":[1,10,{}],"level":"info","message":"Server action executed","result":"success","timestamp":"2025-01-03T03:44:23.394Z"}
{"action":"getTransactionFormOptions","arguments":[],"level":"info","message":"Server action executed","result":"success","timestamp":"2025-01-03T03:44:23.868Z"}
{"action":"getTransactions","arguments":[1,10,{}],"level":"info","message":"Server action executed","result":"success","timestamp":"2025-01-03T03:44:30.271Z"}
{"action":"getTransactionFormOptions","arguments":[],"level":"info","message":"Server action executed","result":"success","timestamp":"2025-01-03T03:44:30.529Z"}
{"action":"getTransactions","arguments":[1,10,{}],"level":"info","message":"Server action executed","result":"success","timestamp":"2025-01-03T03:45:31.288Z"}
{"action":"getTransactionFormOptions","arguments":[],"level":"info","message":"Server action executed","result":"success","timestamp":"2025-01-03T03:45:31.753Z"}
{"action":"getTransactions","arguments":[1,10,{}],"level":"info","message":"Server action executed","result":"success","timestamp":"2025-01-03T03:45:39.738Z"}
{"action":"getTransactionFormOptions","arguments":[],"level":"info","message":"Server action executed","result":"success","timestamp":"2025-01-03T03:45:40.008Z"}
{"action":"getTransactions","arguments":[1,10,{}],"level":"info","message":"Server action executed","result":"success","timestamp":"2025-01-03T03:45:48.906Z"}
{"action":"getTransactionFormOptions","arguments":[],"level":"info","message":"Server action executed","result":"success","timestamp":"2025-01-03T03:45:49.488Z"}
{"action":"getTransactions","arguments":[1,10,{}],"level":"info","message":"Server action executed","result":"success","timestamp":"2025-01-03T03:45:57.413Z"}
{"action":"getTransactionFormOptions","arguments":[],"level":"info","message":"Server action executed","result":"success","timestamp":"2025-01-03T03:45:57.673Z"}
{"action":"getTransactions","arguments":[1,10,{}],"level":"info","message":"Server action executed","result":"success","timestamp":"2025-01-03T03:47:09.718Z"}
{"action":"getTransactionFormOptions","arguments":[],"level":"info","message":"Server action executed","result":"success","timestamp":"2025-01-03T03:47:11.623Z"}
{"action":"getTransactions","arguments":[1,10,{}],"level":"info","message":"Server action executed","result":"success","timestamp":"2025-01-03T03:47:30.668Z"}
{"action":"getTransactionFormOptions","arguments":[],"level":"info","message":"Server action executed","result":"success","timestamp":"2025-01-03T03:47:31.325Z"}
{"action":"getTransactions","arguments":[1,10,{}],"level":"info","message":"Server action executed","result":"success","timestamp":"2025-01-03T03:48:14.035Z"}
{"action":"getTransactionFormOptions","arguments":[],"level":"info","message":"Server action executed","result":"success","timestamp":"2025-01-03T03:48:14.700Z"}
{"action":"getTransactions","arguments":[1,10,{}],"level":"info","message":"Server action executed","result":"success","timestamp":"2025-01-03T03:48:24.621Z"}
{"action":"getTransactionFormOptions","arguments":[],"level":"info","message":"Server action executed","result":"success","timestamp":"2025-01-03T03:48:24.911Z"}
{"action":"updateTransaction","arguments":["6037dffd-3c2c-4ec0-b565-1dac57d6b478",{"amount":100050,"category_id":"f4e42427-67a7-4070-8e14-5cb5c8291f51","date":"2025-01-27","name":"Internet bill","payment_method_id":"832c6773-928f-4a2d-8cb3-1f21a683cb76","type_id":"57ef1036-c600-46b6-834d-1cd01a72762b"}],"level":"info","message":"Server action executed","result":"success","timestamp":"2025-01-03T03:48:36.438Z"}
{"action":"updateTransaction","arguments":["6037dffd-3c2c-4ec0-b565-1dac57d6b478",{"amount":10005,"category_id":"f4e42427-67a7-4070-8e14-5cb5c8291f51","date":"2025-01-27","name":"Internet bill","payment_method_id":"832c6773-928f-4a2d-8cb3-1f21a683cb76","type_id":"57ef1036-c600-46b6-834d-1cd01a72762b"}],"level":"info","message":"Server action executed","result":"success","timestamp":"2025-01-03T03:48:41.024Z"}
{"action":"getTransactions","arguments":[1,10,{"types":["57ef1036-c600-46b6-834d-1cd01a72762b"]}],"level":"info","message":"Server action executed","result":"success","timestamp":"2025-01-03T03:48:46.743Z"}
{"action":"getTransactionFormOptions","arguments":[],"level":"info","message":"Server action executed","result":"success","timestamp":"2025-01-03T03:48:47.397Z"}
{"action":"getTransactions","arguments":[1,10,{"types":["57ef1036-c600-46b6-834d-1cd01a72762b","90f08d6a-30eb-4d94-bd78-07142ec8c680"]}],"level":"info","message":"Server action executed","result":"success","timestamp":"2025-01-03T03:48:55.930Z"}
{"action":"getTransactionFormOptions","arguments":[],"level":"info","message":"Server action executed","result":"success","timestamp":"2025-01-03T03:48:56.181Z"}
{"action":"getTransactions","arguments":[1,10,{"types":["90f08d6a-30eb-4d94-bd78-07142ec8c680"]}],"level":"info","message":"Server action executed","result":"success","timestamp":"2025-01-03T03:48:58.050Z"}
{"action":"getTransactionFormOptions","arguments":[],"level":"info","message":"Server action executed","result":"success","timestamp":"2025-01-03T03:48:58.306Z"}
{"action":"getTransactions","arguments":[1,10,{}],"level":"info","message":"Server action executed","result":"success","timestamp":"2025-01-03T03:49:02.625Z"}
{"action":"getTransactionFormOptions","arguments":[],"level":"info","message":"Server action executed","result":"success","timestamp":"2025-01-03T03:49:03.088Z"}
{"action":"getTransactions","arguments":[1,10,{}],"level":"info","message":"Server action executed","result":"success","timestamp":"2025-01-03T03:49:30.520Z"}
{"action":"getTransactionFormOptions","arguments":[],"level":"info","message":"Server action executed","result":"success","timestamp":"2025-01-03T03:49:30.991Z"}
{"action":"getTransactions","arguments":[1,10,{}],"level":"info","message":"Server action executed","result":"success","timestamp":"2025-01-03T03:49:56.401Z"}
{"action":"getTransactionFormOptions","arguments":[],"level":"info","message":"Server action executed","result":"success","timestamp":"2025-01-03T03:49:56.865Z"}
{"action":"getTransactions","arguments":[1,10,{}],"level":"info","message":"Server action executed","result":"success","timestamp":"2025-01-03T03:50:13.310Z"}
{"action":"getTransactionFormOptions","arguments":[],"level":"info","message":"Server action executed","result":"success","timestamp":"2025-01-03T03:50:13.770Z"}
{"action":"getTransactions","arguments":[1,10,{}],"level":"info","message":"Server action executed","result":"success","timestamp":"2025-01-03T03:50:51.730Z"}
{"action":"getTransactionFormOptions","arguments":[],"level":"info","message":"Server action executed","result":"success","timestamp":"2025-01-03T03:50:52.183Z"}
{"action":"getTransactions","arguments":[1,10,{}],"level":"info","message":"Server action executed","result":"success","timestamp":"2025-01-03T03:50:57.194Z"}
{"action":"getTransactionFormOptions","arguments":[],"level":"info","message":"Server action executed","result":"success","timestamp":"2025-01-03T03:50:57.456Z"}
{"action":"getTransactions","arguments":[1,10,{}],"level":"info","message":"Server action executed","result":"success","timestamp":"2025-01-03T03:51:07.626Z"}
{"action":"getTransactionFormOptions","arguments":[],"level":"info","message":"Server action executed","result":"success","timestamp":"2025-01-03T03:51:08.108Z"}
{"action":"getTransactions","arguments":[1,10,{}],"level":"info","message":"Server action executed","result":"success","timestamp":"2025-01-03T03:55:06.363Z"}
{"action":"getTransactionFormOptions","arguments":[],"level":"info","message":"Server action executed","result":"success","timestamp":"2025-01-03T03:55:08.284Z"}
{"action":"getTransactions","arguments":[1,10,{}],"level":"info","message":"Server action executed","result":"success","timestamp":"2025-01-03T03:55:57.414Z"}
{"action":"getTransactionFormOptions","arguments":[],"level":"info","message":"Server action executed","result":"success","timestamp":"2025-01-03T03:55:58.197Z"}
{"action":"getTransactions","arguments":[1,10,{}],"level":"info","message":"Server action executed","result":"success","timestamp":"2025-01-03T03:57:11.008Z"}
{"action":"getTransactionFormOptions","arguments":[],"level":"info","message":"Server action executed","result":"success","timestamp":"2025-01-03T03:57:11.470Z"}
{"action":"getTransactions","arguments":[1,10,{}],"level":"info","message":"Server action executed","result":"success","timestamp":"2025-01-03T03:58:13.562Z"}
{"action":"getTransactionFormOptions","arguments":[],"level":"info","message":"Server action executed","result":"success","timestamp":"2025-01-03T03:58:14.220Z"}
{"action":"getTransactions","arguments":[1,10,{}],"level":"info","message":"Server action executed","result":"success","timestamp":"2025-01-03T03:58:28.583Z"}
{"action":"getTransactionFormOptions","arguments":[],"level":"info","message":"Server action executed","result":"success","timestamp":"2025-01-03T03:58:29.048Z"}
{"action":"getTransactions","arguments":[1,10,{}],"level":"info","message":"Server action executed","result":"success","timestamp":"2025-01-03T03:58:44.191Z"}
{"action":"getTransactionFormOptions","arguments":[],"level":"info","message":"Server action executed","result":"success","timestamp":"2025-01-03T03:58:44.665Z"}
{"action":"getTransactions","arguments":[1,10,{}],"level":"info","message":"Server action executed","result":"success","timestamp":"2025-01-03T03:58:52.212Z"}
{"action":"getTransactionFormOptions","arguments":[],"level":"info","message":"Server action executed","result":"success","timestamp":"2025-01-03T03:58:52.480Z"}
{"action":"getTransactions","arguments":[1,10,{}],"level":"info","message":"Server action executed","result":"success","timestamp":"2025-01-03T03:59:11.681Z"}
{"action":"getTransactionFormOptions","arguments":[],"level":"info","message":"Server action executed","result":"success","timestamp":"2025-01-03T03:59:12.124Z"}
{"action":"getTransactions","arguments":[1,10,{}],"level":"info","message":"Server action executed","result":"success","timestamp":"2025-01-03T03:59:16.521Z"}
{"action":"getTransactionFormOptions","arguments":[],"level":"info","message":"Server action executed","result":"success","timestamp":"2025-01-03T03:59:16.785Z"}
{"action":"getTransactions","arguments":[1,10,{}],"level":"info","message":"Server action executed","result":"success","timestamp":"2025-01-03T03:59:33.091Z"}
{"action":"getTransactionFormOptions","arguments":[],"level":"info","message":"Server action executed","result":"success","timestamp":"2025-01-03T03:59:33.563Z"}
{"action":"getTransactions","arguments":[1,10,{}],"level":"info","message":"Server action executed","result":"success","timestamp":"2025-01-03T04:00:14.739Z"}
{"action":"getTransactionFormOptions","arguments":[],"level":"info","message":"Server action executed","result":"success","timestamp":"2025-01-03T04:00:16.659Z"}
{"action":"getTransactions","arguments":[1,10,{}],"level":"info","message":"Server action executed","result":"success","timestamp":"2025-01-03T04:00:55.215Z"}
{"action":"getTransactionFormOptions","arguments":[],"level":"info","message":"Server action executed","result":"success","timestamp":"2025-01-03T04:00:55.918Z"}
{"action":"getTransactions","arguments":[1,10,{}],"level":"info","message":"Server action executed","result":"success","timestamp":"2025-01-03T04:01:04.312Z"}
{"action":"getTransactionFormOptions","arguments":[],"level":"info","message":"Server action executed","result":"success","timestamp":"2025-01-03T04:01:04.775Z"}
{"action":"getTransactions","arguments":[1,10,{}],"level":"info","message":"Server action executed","result":"success","timestamp":"2025-01-03T04:01:10.202Z"}
{"action":"getTransactionFormOptions","arguments":[],"level":"info","message":"Server action executed","result":"success","timestamp":"2025-01-03T04:01:10.674Z"}
{"action":"getTransactions","arguments":[1,10,{}],"level":"info","message":"Server action executed","result":"success","timestamp":"2025-01-03T04:01:36.411Z"}
{"action":"getTransactionFormOptions","arguments":[],"level":"info","message":"Server action executed","result":"success","timestamp":"2025-01-03T04:01:36.881Z"}
{"action":"getTransactions","arguments":[1,10,{}],"level":"info","message":"Server action executed","result":"success","timestamp":"2025-01-03T04:02:50.734Z"}
{"action":"getTransactionFormOptions","arguments":[],"level":"info","message":"Server action executed","result":"success","timestamp":"2025-01-03T04:02:51.201Z"}
{"level":"info","message":"Database query executed","params":{"args":{"where":{"deleted_at":null}},"duration":2522},"query":"transactions.count","timestamp":"2025-01-03T16:06:43.331Z"}
{"level":"info","message":"Database query executed","params":{"args":{"include":{"categories":true,"payment_methods":true,"transaction_status":true,"transaction_types":true,"users":true},"orderBy":{"transaction_date":"desc"},"skip":0,"take":10,"where":{"deleted_at":null}},"duration":5962},"query":"transactions.findMany","timestamp":"2025-01-03T16:06:46.770Z"}
{"action":"getTransactions","arguments":[1,10,{}],"level":"info","message":"Server action executed","result":"success","timestamp":"2025-01-03T16:06:46.771Z"}
{"level":"info","message":"Database query executed","params":{"args":{"select":{"id":true,"name":true},"where":{"deleted_at":null}},"duration":397},"query":"categories.findMany","timestamp":"2025-01-03T16:06:47.226Z"}
{"level":"info","message":"Database query executed","params":{"args":{"select":{"id":true,"name":true},"where":{"deleted_at":null}},"duration":400},"query":"transaction_types.findMany","timestamp":"2025-01-03T16:06:47.228Z"}
{"level":"info","message":"Database query executed","params":{"args":{"select":{"id":true,"name":true},"where":{"deleted_at":null}},"duration":1801},"query":"payment_methods.findMany","timestamp":"2025-01-03T16:06:48.629Z"}
{"action":"getTransactionFormOptions","arguments":[],"level":"info","message":"Server action executed","result":"success","timestamp":"2025-01-03T16:06:48.629Z"}
{"level":"info","message":"Database query executed","params":{"args":{"where":{"OR":[{"description":{"contains":"carol","mode":"insensitive"}},{"users":{"OR":[{"first_name":{"contains":"carol","mode":"insensitive"}},{"last_name":{"contains":"carol","mode":"insensitive"}}]}}],"deleted_at":null}},"duration":402},"query":"transactions.count","timestamp":"2025-01-03T16:06:54.582Z"}
{"level":"info","message":"Database query executed","params":{"args":{"include":{"categories":true,"payment_methods":true,"transaction_status":true,"transaction_types":true,"users":true},"orderBy":{"transaction_date":"desc"},"skip":0,"take":10,"where":{"OR":[{"description":{"contains":"carol","mode":"insensitive"}},{"users":{"OR":[{"first_name":{"contains":"carol","mode":"insensitive"}},{"last_name":{"contains":"carol","mode":"insensitive"}}]}}],"deleted_at":null}},"duration":1811},"query":"transactions.findMany","timestamp":"2025-01-03T16:06:55.984Z"}
{"action":"getTransactions","arguments":[1,10,{"search":"carol"}],"level":"info","message":"Server action executed","result":"success","timestamp":"2025-01-03T16:06:55.986Z"}
{"level":"info","message":"Database query executed","params":{"args":{"select":{"id":true,"name":true},"where":{"deleted_at":null}},"duration":395},"query":"payment_methods.findMany","timestamp":"2025-01-03T16:06:56.432Z"}
{"level":"info","message":"Database query executed","params":{"args":{"select":{"id":true,"name":true},"where":{"deleted_at":null}},"duration":396},"query":"transaction_types.findMany","timestamp":"2025-01-03T16:06:56.433Z"}
{"level":"info","message":"Database query executed","params":{"args":{"select":{"id":true,"name":true},"where":{"deleted_at":null}},"duration":397},"query":"categories.findMany","timestamp":"2025-01-03T16:06:56.434Z"}
{"action":"getTransactionFormOptions","arguments":[],"level":"info","message":"Server action executed","result":"success","timestamp":"2025-01-03T16:06:56.434Z"}
{"level":"info","message":"Database query executed","params":{"args":{"where":{"deleted_at":null}},"duration":605},"query":"transactions.count","timestamp":"2025-01-03T16:07:04.315Z"}
{"level":"info","message":"Database query executed","params":{"args":{"include":{"categories":true,"payment_methods":true,"transaction_status":true,"transaction_types":true,"users":true},"orderBy":{"transaction_date":"desc"},"skip":0,"take":10,"where":{"deleted_at":null}},"duration":2587},"query":"transactions.findMany","timestamp":"2025-01-03T16:07:06.297Z"}
{"action":"getTransactions","arguments":[1,10,{}],"level":"info","message":"Server action executed","result":"success","timestamp":"2025-01-03T16:07:06.298Z"}
{"level":"info","message":"Database query executed","params":{"args":{"select":{"id":true,"name":true},"where":{"deleted_at":null}},"duration":197},"query":"transaction_types.findMany","timestamp":"2025-01-03T16:07:06.541Z"}
{"level":"info","message":"Database query executed","params":{"args":{"select":{"id":true,"name":true},"where":{"deleted_at":null}},"duration":392},"query":"payment_methods.findMany","timestamp":"2025-01-03T16:07:06.735Z"}
{"level":"info","message":"Database query executed","params":{"args":{"select":{"id":true,"name":true},"where":{"deleted_at":null}},"duration":393},"query":"categories.findMany","timestamp":"2025-01-03T16:07:06.736Z"}
{"action":"getTransactionFormOptions","arguments":[],"level":"info","message":"Server action executed","result":"success","timestamp":"2025-01-03T16:07:06.736Z"}
{"level":"info","message":"Database query executed","params":{"args":{"where":{"deleted_at":null}},"duration":591},"query":"transactions.count","timestamp":"2025-01-03T16:07:21.779Z"}
{"level":"info","message":"Database query executed","params":{"args":{"include":{"categories":true,"payment_methods":true,"transaction_status":true,"transaction_types":true,"users":true},"orderBy":{"transaction_date":"desc"},"skip":0,"take":10,"where":{"deleted_at":null}},"duration":2376},"query":"transactions.findMany","timestamp":"2025-01-03T16:07:23.564Z"}
{"action":"getTransactions","arguments":[1,10,{}],"level":"info","message":"Server action executed","result":"success","timestamp":"2025-01-03T16:07:23.565Z"}
{"level":"info","message":"Database query executed","params":{"args":{"select":{"id":true,"name":true},"where":{"deleted_at":null}},"duration":197},"query":"payment_methods.findMany","timestamp":"2025-01-03T16:07:23.808Z"}
{"level":"info","message":"Database query executed","params":{"args":{"select":{"id":true,"name":true},"where":{"deleted_at":null}},"duration":397},"query":"categories.findMany","timestamp":"2025-01-03T16:07:24.007Z"}
{"level":"info","message":"Database query executed","params":{"args":{"select":{"id":true,"name":true},"where":{"deleted_at":null}},"duration":591},"query":"transaction_types.findMany","timestamp":"2025-01-03T16:07:24.201Z"}
{"action":"getTransactionFormOptions","arguments":[],"level":"info","message":"Server action executed","result":"success","timestamp":"2025-01-03T16:07:24.202Z"}
{"level":"info","message":"Database query executed","params":{"args":{"where":{"deleted_at":null}},"duration":224},"query":"transactions.count","timestamp":"2025-01-03T16:07:29.330Z"}
{"level":"info","message":"Database query executed","params":{"args":{"include":{"categories":true,"payment_methods":true,"transaction_status":true,"transaction_types":true,"users":true},"orderBy":{"transaction_date":"desc"},"skip":0,"take":10,"where":{"deleted_at":null}},"duration":1221},"query":"transactions.findMany","timestamp":"2025-01-03T16:07:30.325Z"}
{"action":"getTransactions","arguments":[1,10,{}],"level":"info","message":"Server action executed","result":"success","timestamp":"2025-01-03T16:07:30.326Z"}
{"level":"info","message":"Database query executed","params":{"args":{"select":{"id":true,"name":true},"where":{"deleted_at":null}},"duration":199},"query":"categories.findMany","timestamp":"2025-01-03T16:07:30.564Z"}
{"level":"info","message":"Database query executed","params":{"args":{"select":{"id":true,"name":true},"where":{"deleted_at":null}},"duration":200},"query":"transaction_types.findMany","timestamp":"2025-01-03T16:07:30.565Z"}
{"level":"info","message":"Database query executed","params":{"args":{"select":{"id":true,"name":true},"where":{"deleted_at":null}},"duration":398},"query":"payment_methods.findMany","timestamp":"2025-01-03T16:07:30.763Z"}
{"action":"getTransactionFormOptions","arguments":[],"level":"info","message":"Server action executed","result":"success","timestamp":"2025-01-03T16:07:30.764Z"}
{"level":"info","message":"Database query executed","params":{"args":{"where":{"deleted_at":null}},"duration":415},"query":"transactions.count","timestamp":"2025-01-03T16:08:53.463Z"}
{"level":"info","message":"Database query executed","params":{"args":{"include":{"categories":true,"payment_methods":true,"transaction_status":true,"transaction_types":true,"users":true},"orderBy":{"transaction_date":"desc"},"skip":0,"take":10,"where":{"deleted_at":null}},"duration":1408},"query":"transactions.findMany","timestamp":"2025-01-03T16:08:54.456Z"}
{"action":"getTransactions","arguments":[1,10,{}],"level":"info","message":"Server action executed","result":"success","timestamp":"2025-01-03T16:08:54.460Z"}
{"level":"info","message":"Database query executed","params":{"args":{"select":{"id":true,"name":true},"where":{"deleted_at":null}},"duration":198},"query":"transaction_types.findMany","timestamp":"2025-01-03T16:08:54.813Z"}
{"level":"info","message":"Database query executed","params":{"args":{"select":{"id":true,"name":true},"where":{"deleted_at":null}},"duration":198},"query":"categories.findMany","timestamp":"2025-01-03T16:08:54.814Z"}
{"level":"info","message":"Database query executed","params":{"args":{"select":{"id":true,"name":true},"where":{"deleted_at":null}},"duration":394},"query":"payment_methods.findMany","timestamp":"2025-01-03T16:08:55.010Z"}
{"action":"getTransactionFormOptions","arguments":[],"level":"info","message":"Server action executed","result":"success","timestamp":"2025-01-03T16:08:55.011Z"}
{"level":"info","message":"Database query executed","params":{"args":{"where":{"deleted_at":null}},"duration":195},"query":"transactions.count","timestamp":"2025-01-03T16:08:57.448Z"}
{"level":"info","message":"Database query executed","params":{"args":{"include":{"categories":true,"payment_methods":true,"transaction_status":true,"transaction_types":true,"users":true},"orderBy":{"transaction_date":"desc"},"skip":0,"take":10,"where":{"deleted_at":null}},"duration":1199},"query":"transactions.findMany","timestamp":"2025-01-03T16:08:58.451Z"}
{"action":"getTransactions","arguments":[1,10,{}],"level":"info","message":"Server action executed","result":"success","timestamp":"2025-01-03T16:08:58.467Z"}
{"level":"info","message":"Database query executed","params":{"args":{"select":{"id":true,"name":true},"where":{"deleted_at":null}},"duration":196},"query":"payment_methods.findMany","timestamp":"2025-01-03T16:08:58.713Z"}
{"level":"info","message":"Database query executed","params":{"args":{"select":{"id":true,"name":true},"where":{"deleted_at":null}},"duration":197},"query":"transaction_types.findMany","timestamp":"2025-01-03T16:08:58.714Z"}
{"level":"info","message":"Database query executed","params":{"args":{"select":{"id":true,"name":true},"where":{"deleted_at":null}},"duration":198},"query":"categories.findMany","timestamp":"2025-01-03T16:08:58.715Z"}
{"action":"getTransactionFormOptions","arguments":[],"level":"info","message":"Server action executed","result":"success","timestamp":"2025-01-03T16:08:58.715Z"}
{"level":"info","message":"Database query executed","params":{"args":{"where":{"deleted_at":null}},"duration":399},"query":"transactions.count","timestamp":"2025-01-03T16:09:13.430Z"}
{"level":"info","message":"Database query executed","params":{"args":{"include":{"categories":true,"payment_methods":true,"transaction_status":true,"transaction_types":true,"users":true},"orderBy":{"transaction_date":"desc"},"skip":0,"take":10,"where":{"deleted_at":null}},"duration":1398},"query":"transactions.findMany","timestamp":"2025-01-03T16:09:14.427Z"}
{"action":"getTransactions","arguments":[1,10,{}],"level":"info","message":"Server action executed","result":"success","timestamp":"2025-01-03T16:09:14.428Z"}
{"level":"info","message":"Database query executed","params":{"args":{"select":{"id":true,"name":true},"where":{"deleted_at":null}},"duration":197},"query":"transaction_types.findMany","timestamp":"2025-01-03T16:09:14.662Z"}
{"level":"info","message":"Database query executed","params":{"args":{"select":{"id":true,"name":true},"where":{"deleted_at":null}},"duration":199},"query":"categories.findMany","timestamp":"2025-01-03T16:09:14.664Z"}
{"level":"info","message":"Database query executed","params":{"args":{"select":{"id":true,"name":true},"where":{"deleted_at":null}},"duration":394},"query":"payment_methods.findMany","timestamp":"2025-01-03T16:09:14.859Z"}
{"action":"getTransactionFormOptions","arguments":[],"level":"info","message":"Server action executed","result":"success","timestamp":"2025-01-03T16:09:14.861Z"}
{"level":"info","message":"Database query executed","params":{"args":{"where":{"deleted_at":null}},"duration":400},"query":"transactions.count","timestamp":"2025-01-03T16:09:32.753Z"}
{"level":"info","message":"Database query executed","params":{"args":{"include":{"categories":true,"payment_methods":true,"transaction_status":true,"transaction_types":true,"users":true},"orderBy":{"transaction_date":"desc"},"skip":0,"take":10,"where":{"deleted_at":null}},"duration":1386},"query":"transactions.findMany","timestamp":"2025-01-03T16:09:33.737Z"}
{"action":"getTransactions","arguments":[1,10,{}],"level":"info","message":"Server action executed","result":"success","timestamp":"2025-01-03T16:09:33.738Z"}
{"level":"info","message":"Database query executed","params":{"args":{"select":{"id":true,"name":true},"where":{"deleted_at":null}},"duration":197},"query":"categories.findMany","timestamp":"2025-01-03T16:09:33.973Z"}
{"level":"info","message":"Database query executed","params":{"args":{"select":{"id":true,"name":true},"where":{"deleted_at":null}},"duration":199},"query":"transaction_types.findMany","timestamp":"2025-01-03T16:09:33.975Z"}
{"level":"info","message":"Database query executed","params":{"args":{"select":{"id":true,"name":true},"where":{"deleted_at":null}},"duration":394},"query":"payment_methods.findMany","timestamp":"2025-01-03T16:09:34.170Z"}
{"action":"getTransactionFormOptions","arguments":[],"level":"info","message":"Server action executed","result":"success","timestamp":"2025-01-03T16:09:34.171Z"}
{"level":"info","message":"Database query executed","params":{"args":{"where":{"deleted_at":null}},"duration":204},"query":"transactions.count","timestamp":"2025-01-03T16:09:38.911Z"}
{"level":"info","message":"Database query executed","params":{"args":{"include":{"categories":true,"payment_methods":true,"transaction_status":true,"transaction_types":true,"users":true},"orderBy":{"transaction_date":"desc"},"skip":0,"take":10,"where":{"deleted_at":null}},"duration":1216},"query":"transactions.findMany","timestamp":"2025-01-03T16:09:39.923Z"}
{"action":"getTransactions","arguments":[1,10,{}],"level":"info","message":"Server action executed","result":"success","timestamp":"2025-01-03T16:09:39.925Z"}
{"level":"info","message":"Database query executed","params":{"args":{"select":{"id":true,"name":true},"where":{"deleted_at":null}},"duration":197},"query":"payment_methods.findMany","timestamp":"2025-01-03T16:09:40.182Z"}
{"level":"info","message":"Database query executed","params":{"args":{"select":{"id":true,"name":true},"where":{"deleted_at":null}},"duration":198},"query":"categories.findMany","timestamp":"2025-01-03T16:09:40.183Z"}
{"level":"info","message":"Database query executed","params":{"args":{"select":{"id":true,"name":true},"where":{"deleted_at":null}},"duration":198},"query":"transaction_types.findMany","timestamp":"2025-01-03T16:09:40.184Z"}
{"action":"getTransactionFormOptions","arguments":[],"level":"info","message":"Server action executed","result":"success","timestamp":"2025-01-03T16:09:40.184Z"}
{"level":"info","message":"Database query executed","params":{"args":{"where":{"deleted_at":null}},"duration":408},"query":"transactions.count","timestamp":"2025-01-03T16:10:23.092Z"}
{"level":"info","message":"Database query executed","params":{"args":{"include":{"categories":true,"payment_methods":true,"transaction_status":true,"transaction_types":true,"users":true},"orderBy":{"transaction_date":"desc"},"skip":0,"take":10,"where":{"deleted_at":null}},"duration":1390},"query":"transactions.findMany","timestamp":"2025-01-03T16:10:24.069Z"}
{"action":"getTransactions","arguments":[1,10,{}],"level":"info","message":"Server action executed","result":"success","timestamp":"2025-01-03T16:10:24.070Z"}
{"level":"info","message":"Database query executed","params":{"args":{"select":{"id":true,"name":true},"where":{"deleted_at":null}},"duration":197},"query":"transaction_types.findMany","timestamp":"2025-01-03T16:10:24.300Z"}
{"level":"info","message":"Database query executed","params":{"args":{"select":{"id":true,"name":true},"where":{"deleted_at":null}},"duration":198},"query":"payment_methods.findMany","timestamp":"2025-01-03T16:10:24.301Z"}
{"level":"info","message":"Database query executed","params":{"args":{"select":{"id":true,"name":true},"where":{"deleted_at":null}},"duration":395},"query":"categories.findMany","timestamp":"2025-01-03T16:10:24.498Z"}
{"action":"getTransactionFormOptions","arguments":[],"level":"info","message":"Server action executed","result":"success","timestamp":"2025-01-03T16:10:24.500Z"}
{"level":"info","message":"Database query executed","params":{"args":{"where":{"deleted_at":null}},"duration":1821},"query":"transactions.count","timestamp":"2025-01-03T16:11:55.394Z"}
{"level":"info","message":"Database query executed","params":{"args":{"include":{"categories":true,"payment_methods":true,"transaction_status":true,"transaction_types":true,"users":true},"orderBy":{"transaction_date":"desc"},"skip":0,"take":10,"where":{"deleted_at":null}},"duration":3779},"query":"transactions.findMany","timestamp":"2025-01-03T16:11:57.350Z"}
{"action":"getTransactions","arguments":[1,10,{}],"level":"info","message":"Server action executed","result":"success","timestamp":"2025-01-03T16:11:57.352Z"}
{"level":"info","message":"Database query executed","params":{"args":{"select":{"id":true,"name":true},"where":{"deleted_at":null}},"duration":396},"query":"transaction_types.findMany","timestamp":"2025-01-03T16:11:57.810Z"}
{"level":"info","message":"Database query executed","params":{"args":{"select":{"id":true,"name":true},"where":{"deleted_at":null}},"duration":395},"query":"categories.findMany","timestamp":"2025-01-03T16:11:57.810Z"}
{"level":"info","message":"Database query executed","params":{"args":{"select":{"id":true,"name":true},"where":{"deleted_at":null}},"duration":1801},"query":"payment_methods.findMany","timestamp":"2025-01-03T16:11:59.216Z"}
{"action":"getTransactionFormOptions","arguments":[],"level":"info","message":"Server action executed","result":"success","timestamp":"2025-01-03T16:11:59.218Z"}
{"level":"info","message":"Database query executed","params":{"args":{"where":{"deleted_at":null}},"duration":397},"query":"transactions.count","timestamp":"2025-01-03T16:12:06.047Z"}
{"level":"info","message":"Database query executed","params":{"args":{"include":{"categories":true,"payment_methods":true,"transaction_status":true,"transaction_types":true,"users":true},"orderBy":{"transaction_date":"desc"},"skip":0,"take":10,"where":{"deleted_at":null}},"duration":2390},"query":"transactions.findMany","timestamp":"2025-01-03T16:12:08.040Z"}
{"action":"getTransactions","arguments":[1,10,{}],"level":"info","message":"Server action executed","result":"success","timestamp":"2025-01-03T16:12:08.041Z"}
{"level":"info","message":"Database query executed","params":{"args":{"where":{"deleted_at":null}},"duration":407},"query":"transactions.count","timestamp":"2025-01-03T16:13:47.710Z"}
{"level":"info","message":"Database query executed","params":{"args":{"include":{"categories":true,"payment_methods":true,"transaction_status":true,"transaction_types":true,"users":true},"orderBy":{"transaction_date":"desc"},"skip":0,"take":10,"where":{"deleted_at":null}},"duration":2590},"query":"transactions.findMany","timestamp":"2025-01-03T16:13:49.893Z"}
{"action":"getTransactions","arguments":[1,10,{}],"level":"info","message":"Server action executed","result":"success","timestamp":"2025-01-03T16:13:49.896Z"}
{"level":"info","message":"Database query executed","params":{"args":{"select":{"id":true,"name":true},"where":{"deleted_at":null}},"duration":402},"query":"transaction_types.findMany","timestamp":"2025-01-03T16:13:50.357Z"}
{"level":"info","message":"Database query executed","params":{"args":{"select":{"id":true,"name":true},"where":{"deleted_at":null}},"duration":404},"query":"categories.findMany","timestamp":"2025-01-03T16:13:50.359Z"}
{"level":"info","message":"Database query executed","params":{"args":{"select":{"id":true,"name":true},"where":{"deleted_at":null}},"duration":598},"query":"payment_methods.findMany","timestamp":"2025-01-03T16:13:50.553Z"}
{"action":"getTransactionFormOptions","arguments":[],"level":"info","message":"Server action executed","result":"success","timestamp":"2025-01-03T16:13:50.554Z"}
{"level":"info","message":"Database query executed","params":{"args":{"where":{"deleted_at":null}},"duration":400},"query":"transactions.count","timestamp":"2025-01-03T16:13:59.834Z"}
{"level":"info","message":"Database query executed","params":{"args":{"include":{"categories":true,"payment_methods":true,"transaction_status":true,"transaction_types":true,"users":true},"orderBy":{"transaction_date":"desc"},"skip":0,"take":10,"where":{"deleted_at":null}},"duration":1194},"query":"transactions.findMany","timestamp":"2025-01-03T16:14:00.629Z"}
{"action":"getTransactions","arguments":[1,10,{}],"level":"info","message":"Server action executed","result":"success","timestamp":"2025-01-03T16:14:00.632Z"}
{"level":"info","message":"Database query executed","params":{"args":{"select":{"id":true,"name":true},"where":{"deleted_at":null}},"duration":396},"query":"categories.findMany","timestamp":"2025-01-03T16:14:01.098Z"}
{"level":"info","message":"Database query executed","params":{"args":{"select":{"id":true,"name":true},"where":{"deleted_at":null}},"duration":397},"query":"payment_methods.findMany","timestamp":"2025-01-03T16:14:01.099Z"}
{"action":"getTransactionFormOptions","arguments":[],"level":"info","message":"Server action executed","result":"success","timestamp":"2025-01-03T16:14:01.101Z"}
{"level":"info","message":"Database query executed","params":{"args":{"select":{"id":true,"name":true},"where":{"deleted_at":null}},"duration":398},"query":"transaction_types.findMany","timestamp":"2025-01-03T16:14:01.100Z"}
{"level":"info","message":"Database query executed","params":{"args":{"where":{"deleted_at":null}},"duration":396},"query":"transactions.count","timestamp":"2025-01-03T16:14:05.856Z"}
{"level":"info","message":"Database query executed","params":{"args":{"include":{"categories":true,"payment_methods":true,"transaction_status":true,"transaction_types":true,"users":true},"orderBy":{"transaction_date":"desc"},"skip":0,"take":10,"where":{"deleted_at":null}},"duration":1387},"query":"transactions.findMany","timestamp":"2025-01-03T16:14:06.845Z"}
{"action":"getTransactions","arguments":[1,10,{}],"level":"info","message":"Server action executed","result":"success","timestamp":"2025-01-03T16:14:06.854Z"}
{"level":"info","message":"Database query executed","params":{"args":{"select":{"id":true,"name":true},"where":{"deleted_at":null}},"duration":197},"query":"transaction_types.findMany","timestamp":"2025-01-03T16:14:07.140Z"}
{"level":"info","message":"Database query executed","params":{"args":{"select":{"id":true,"name":true},"where":{"deleted_at":null}},"duration":197},"query":"payment_methods.findMany","timestamp":"2025-01-03T16:14:07.141Z"}
{"level":"info","message":"Database query executed","params":{"args":{"select":{"id":true,"name":true},"where":{"deleted_at":null}},"duration":393},"query":"categories.findMany","timestamp":"2025-01-03T16:14:07.337Z"}
{"action":"getTransactionFormOptions","arguments":[],"level":"info","message":"Server action executed","result":"success","timestamp":"2025-01-03T16:14:07.338Z"}
{"level":"info","message":"Database query executed","params":{"args":{"where":{"deleted_at":null}},"duration":392},"query":"transactions.count","timestamp":"2025-01-03T16:14:31.390Z"}
{"level":"info","message":"Database query executed","params":{"args":{"include":{"categories":true,"payment_methods":true,"transaction_status":true,"transaction_types":true,"users":true},"orderBy":{"transaction_date":"desc"},"skip":0,"take":10,"where":{"deleted_at":null}},"duration":1388},"query":"transactions.findMany","timestamp":"2025-01-03T16:14:32.385Z"}
{"action":"getTransactions","arguments":[1,10,{}],"level":"info","message":"Server action executed","result":"success","timestamp":"2025-01-03T16:14:32.388Z"}
{"level":"info","message":"Database query executed","params":{"args":{"select":{"id":true,"name":true},"where":{"deleted_at":null}},"duration":198},"query":"transaction_types.findMany","timestamp":"2025-01-03T16:14:32.634Z"}
{"level":"info","message":"Database query executed","params":{"args":{"select":{"id":true,"name":true},"where":{"deleted_at":null}},"duration":200},"query":"categories.findMany","timestamp":"2025-01-03T16:14:32.635Z"}
{"level":"info","message":"Database query executed","params":{"args":{"select":{"id":true,"name":true},"where":{"deleted_at":null}},"duration":394},"query":"payment_methods.findMany","timestamp":"2025-01-03T16:14:32.830Z"}
{"action":"getTransactionFormOptions","arguments":[],"level":"info","message":"Server action executed","result":"success","timestamp":"2025-01-03T16:14:32.832Z"}
{"level":"info","message":"Database query executed","params":{"args":{"where":{"deleted_at":null}},"duration":197},"query":"transactions.count","timestamp":"2025-01-03T16:14:46.577Z"}
{"level":"info","message":"Database query executed","params":{"args":{"include":{"categories":true,"payment_methods":true,"transaction_status":true,"transaction_types":true,"users":true},"orderBy":{"transaction_date":"desc"},"skip":0,"take":10,"where":{"deleted_at":null}},"duration":1383},"query":"transactions.findMany","timestamp":"2025-01-03T16:14:47.763Z"}
{"action":"getTransactions","arguments":[1,10,{}],"level":"info","message":"Server action executed","result":"success","timestamp":"2025-01-03T16:14:47.764Z"}
{"level":"info","message":"Database query executed","params":{"args":{"select":{"id":true,"name":true},"where":{"deleted_at":null}},"duration":198},"query":"transaction_types.findMany","timestamp":"2025-01-03T16:14:48.187Z"}
{"level":"info","message":"Database query executed","params":{"args":{"select":{"id":true,"name":true},"where":{"deleted_at":null}},"duration":394},"query":"payment_methods.findMany","timestamp":"2025-01-03T16:14:48.383Z"}
{"level":"info","message":"Database query executed","params":{"args":{"select":{"id":true,"name":true},"where":{"deleted_at":null}},"duration":394},"query":"categories.findMany","timestamp":"2025-01-03T16:14:48.383Z"}
{"action":"getTransactionFormOptions","arguments":[],"level":"info","message":"Server action executed","result":"success","timestamp":"2025-01-03T16:14:48.384Z"}
{"level":"info","message":"Database query executed","params":{"args":{"where":{"deleted_at":null}},"duration":196},"query":"transactions.count","timestamp":"2025-01-03T16:14:53.253Z"}
{"level":"info","message":"Database query executed","params":{"args":{"include":{"categories":true,"payment_methods":true,"transaction_status":true,"transaction_types":true,"users":true},"orderBy":{"transaction_date":"desc"},"skip":0,"take":10,"where":{"deleted_at":null}},"duration":1186},"query":"transactions.findMany","timestamp":"2025-01-03T16:14:54.242Z"}
{"action":"getTransactions","arguments":[1,10,{}],"level":"info","message":"Server action executed","result":"success","timestamp":"2025-01-03T16:14:54.244Z"}
{"level":"info","message":"Database query executed","params":{"args":{"select":{"id":true,"name":true},"where":{"deleted_at":null}},"duration":200},"query":"transaction_types.findMany","timestamp":"2025-01-03T16:14:54.490Z"}
{"action":"getTransactionFormOptions","arguments":[],"level":"info","message":"Server action executed","result":"success","timestamp":"2025-01-03T16:14:54.492Z"}
{"level":"info","message":"Database query executed","params":{"args":{"select":{"id":true,"name":true},"where":{"deleted_at":null}},"duration":201},"query":"categories.findMany","timestamp":"2025-01-03T16:14:54.491Z"}
{"level":"info","message":"Database query executed","params":{"args":{"select":{"id":true,"name":true},"where":{"deleted_at":null}},"duration":202},"query":"payment_methods.findMany","timestamp":"2025-01-03T16:14:54.492Z"}
{"level":"info","message":"Database query executed","params":{"args":{"where":{"deleted_at":null}},"duration":407},"query":"transactions.count","timestamp":"2025-01-03T16:15:14.936Z"}
{"level":"info","message":"Database query executed","params":{"args":{"include":{"categories":true,"payment_methods":true,"transaction_status":true,"transaction_types":true,"users":true},"orderBy":{"transaction_date":"desc"},"skip":0,"take":10,"where":{"deleted_at":null}},"duration":1500},"query":"transactions.findMany","timestamp":"2025-01-03T16:15:16.029Z"}
{"action":"getTransactions","arguments":[1,10,{}],"level":"info","message":"Server action executed","result":"success","timestamp":"2025-01-03T16:15:16.030Z"}
{"level":"info","message":"Database query executed","params":{"args":{"select":{"id":true,"name":true},"where":{"deleted_at":null}},"duration":198},"query":"transaction_types.findMany","timestamp":"2025-01-03T16:15:16.304Z"}
{"level":"info","message":"Database query executed","params":{"args":{"select":{"id":true,"name":true},"where":{"deleted_at":null}},"duration":198},"query":"categories.findMany","timestamp":"2025-01-03T16:15:16.305Z"}
{"level":"info","message":"Database query executed","params":{"args":{"select":{"id":true,"name":true},"where":{"deleted_at":null}},"duration":393},"query":"payment_methods.findMany","timestamp":"2025-01-03T16:15:16.500Z"}
{"action":"getTransactionFormOptions","arguments":[],"level":"info","message":"Server action executed","result":"success","timestamp":"2025-01-03T16:15:16.501Z"}
{"level":"info","message":"Database query executed","params":{"args":{"where":{"deleted_at":null}},"duration":396},"query":"transactions.count","timestamp":"2025-01-03T16:16:03.519Z"}
{"level":"info","message":"Database query executed","params":{"args":{"include":{"categories":true,"payment_methods":true,"transaction_status":true,"transaction_types":true,"users":true},"orderBy":{"transaction_date":"desc"},"skip":0,"take":10,"where":{"deleted_at":null}},"duration":1388},"query":"transactions.findMany","timestamp":"2025-01-03T16:16:04.511Z"}
{"action":"getTransactions","arguments":[1,10,{}],"level":"info","message":"Server action executed","result":"success","timestamp":"2025-01-03T16:16:04.514Z"}
{"level":"info","message":"Database query executed","params":{"args":{"select":{"id":true,"name":true},"where":{"deleted_at":null}},"duration":198},"query":"categories.findMany","timestamp":"2025-01-03T16:16:04.773Z"}
{"level":"info","message":"Database query executed","params":{"args":{"select":{"id":true,"name":true},"where":{"deleted_at":null}},"duration":200},"query":"transaction_types.findMany","timestamp":"2025-01-03T16:16:04.774Z"}
{"level":"info","message":"Database query executed","params":{"args":{"select":{"id":true,"name":true},"where":{"deleted_at":null}},"duration":396},"query":"payment_methods.findMany","timestamp":"2025-01-03T16:16:04.971Z"}
{"action":"getTransactionFormOptions","arguments":[],"level":"info","message":"Server action executed","result":"success","timestamp":"2025-01-03T16:16:04.973Z"}
{"level":"info","message":"Database query executed","params":{"args":{"where":{"deleted_at":null}},"duration":206},"query":"transactions.count","timestamp":"2025-01-03T16:16:12.334Z"}
{"level":"info","message":"Database query executed","params":{"args":{"include":{"categories":true,"payment_methods":true,"transaction_status":true,"transaction_types":true,"users":true},"orderBy":{"transaction_date":"desc"},"skip":0,"take":10,"where":{"deleted_at":null}},"duration":1196},"query":"transactions.findMany","timestamp":"2025-01-03T16:16:13.324Z"}
{"action":"getTransactions","arguments":[1,10,{}],"level":"info","message":"Server action executed","result":"success","timestamp":"2025-01-03T16:16:13.325Z"}
{"level":"info","message":"Database query executed","params":{"args":{"select":{"id":true,"name":true},"where":{"deleted_at":null}},"duration":199},"query":"payment_methods.findMany","timestamp":"2025-01-03T16:16:13.578Z"}
{"level":"info","message":"Database query executed","params":{"args":{"select":{"id":true,"name":true},"where":{"deleted_at":null}},"duration":200},"query":"transaction_types.findMany","timestamp":"2025-01-03T16:16:13.579Z"}
{"action":"getTransactionFormOptions","arguments":[],"level":"info","message":"Server action executed","result":"success","timestamp":"2025-01-03T16:16:13.580Z"}
{"level":"info","message":"Database query executed","params":{"args":{"select":{"id":true,"name":true},"where":{"deleted_at":null}},"duration":200},"query":"categories.findMany","timestamp":"2025-01-03T16:16:13.579Z"}
{"level":"info","message":"Database query executed","params":{"args":{"where":{"deleted_at":null}},"duration":1840},"query":"transactions.count","timestamp":"2025-01-03T16:17:10.880Z"}
{"level":"info","message":"Database query executed","params":{"args":{"include":{"categories":true,"payment_methods":true,"transaction_status":true,"transaction_types":true,"users":true},"orderBy":{"transaction_date":"desc"},"skip":10,"take":10,"where":{"deleted_at":null}},"duration":3940},"query":"transactions.findMany","timestamp":"2025-01-03T16:17:12.979Z"}
{"action":"getTransactions","arguments":[2,10,{}],"level":"info","message":"Server action executed","result":"success","timestamp":"2025-01-03T16:17:12.980Z"}
{"level":"info","message":"Database query executed","params":{"args":{"select":{"id":true,"name":true},"where":{"deleted_at":null}},"duration":397},"query":"categories.findMany","timestamp":"2025-01-03T16:17:13.430Z"}
{"level":"info","message":"Database query executed","params":{"args":{"select":{"id":true,"name":true},"where":{"deleted_at":null}},"duration":399},"query":"transaction_types.findMany","timestamp":"2025-01-03T16:17:13.432Z"}
{"level":"info","message":"Database query executed","params":{"args":{"select":{"id":true,"name":true},"where":{"deleted_at":null}},"duration":1824},"query":"payment_methods.findMany","timestamp":"2025-01-03T16:17:14.857Z"}
{"action":"getTransactionFormOptions","arguments":[],"level":"info","message":"Server action executed","result":"success","timestamp":"2025-01-03T16:17:14.858Z"}
{"level":"info","message":"Database query executed","params":{"args":{"where":{"deleted_at":null}},"duration":407},"query":"transactions.count","timestamp":"2025-01-03T16:17:21.660Z"}
{"level":"info","message":"Database query executed","params":{"args":{"include":{"categories":true,"payment_methods":true,"transaction_status":true,"transaction_types":true,"users":true},"orderBy":{"transaction_date":"desc"},"skip":0,"take":10,"where":{"deleted_at":null}},"duration":1811},"query":"transactions.findMany","timestamp":"2025-01-03T16:17:23.063Z"}
{"action":"getTransactions","arguments":[1,10,{}],"level":"info","message":"Server action executed","result":"success","timestamp":"2025-01-03T16:17:23.064Z"}
{"level":"info","message":"Database query executed","params":{"args":{"select":{"id":true,"name":true},"where":{"deleted_at":null}},"duration":200},"query":"transaction_types.findMany","timestamp":"2025-01-03T16:17:23.318Z"}
{"level":"info","message":"Database query executed","params":{"args":{"select":{"id":true,"name":true},"where":{"deleted_at":null}},"duration":395},"query":"payment_methods.findMany","timestamp":"2025-01-03T16:17:23.513Z"}
{"level":"info","message":"Database query executed","params":{"args":{"select":{"id":true,"name":true},"where":{"deleted_at":null}},"duration":398},"query":"categories.findMany","timestamp":"2025-01-03T16:17:23.517Z"}
{"action":"getTransactionFormOptions","arguments":[],"level":"info","message":"Server action executed","result":"success","timestamp":"2025-01-03T16:17:23.518Z"}
{"level":"info","message":"Database query executed","params":{"args":{"where":{"category_id":{"in":["f4e42427-67a7-4070-8e14-5cb5c8291f51"]},"deleted_at":null}},"duration":646},"query":"transactions.count","timestamp":"2025-01-03T16:18:19.496Z"}
{"level":"info","message":"Database query executed","params":{"args":{"include":{"categories":true,"payment_methods":true,"transaction_status":true,"transaction_types":true,"users":true},"orderBy":{"transaction_date":"desc"},"skip":0,"take":10,"where":{"category_id":{"in":["f4e42427-67a7-4070-8e14-5cb5c8291f51"]},"deleted_at":null}},"duration":2705},"query":"transactions.findMany","timestamp":"2025-01-03T16:18:21.554Z"}
{"action":"getTransactions","arguments":[1,10,{"categories":["f4e42427-67a7-4070-8e14-5cb5c8291f51"]}],"level":"info","message":"Server action executed","result":"success","timestamp":"2025-01-03T16:18:21.555Z"}
{"level":"info","message":"Database query executed","params":{"args":{"select":{"id":true,"name":true},"where":{"deleted_at":null}},"duration":200},"query":"categories.findMany","timestamp":"2025-01-03T16:18:21.811Z"}
{"level":"info","message":"Database query executed","params":{"args":{"select":{"id":true,"name":true},"where":{"deleted_at":null}},"duration":396},"query":"transaction_types.findMany","timestamp":"2025-01-03T16:18:22.007Z"}
{"level":"info","message":"Database query executed","params":{"args":{"select":{"id":true,"name":true},"where":{"deleted_at":null}},"duration":632},"query":"payment_methods.findMany","timestamp":"2025-01-03T16:18:22.243Z"}
{"action":"getTransactionFormOptions","arguments":[],"level":"info","message":"Server action executed","result":"success","timestamp":"2025-01-03T16:18:22.243Z"}
{"level":"info","message":"Database query executed","params":{"args":{"where":{"deleted_at":null}},"duration":207},"query":"transactions.count","timestamp":"2025-01-03T16:18:30.414Z"}
{"level":"info","message":"Database query executed","params":{"args":{"include":{"categories":true,"payment_methods":true,"transaction_status":true,"transaction_types":true,"users":true},"orderBy":{"transaction_date":"desc"},"skip":0,"take":10,"where":{"deleted_at":null}},"duration":1208},"query":"transactions.findMany","timestamp":"2025-01-03T16:18:31.415Z"}
{"action":"getTransactions","arguments":[1,10,{}],"level":"info","message":"Server action executed","result":"success","timestamp":"2025-01-03T16:18:31.416Z"}
{"level":"info","message":"Database query executed","params":{"args":{"select":{"id":true,"name":true},"where":{"deleted_at":null}},"duration":198},"query":"categories.findMany","timestamp":"2025-01-03T16:18:31.678Z"}
{"level":"info","message":"Database query executed","params":{"args":{"select":{"id":true,"name":true},"where":{"deleted_at":null}},"duration":200},"query":"transaction_types.findMany","timestamp":"2025-01-03T16:18:31.680Z"}
{"action":"getTransactionFormOptions","arguments":[],"level":"info","message":"Server action executed","result":"success","timestamp":"2025-01-03T16:18:31.681Z"}
{"level":"info","message":"Database query executed","params":{"args":{"select":{"id":true,"name":true},"where":{"deleted_at":null}},"duration":201},"query":"payment_methods.findMany","timestamp":"2025-01-03T16:18:31.681Z"}
{"level":"info","message":"Database query executed","params":{"args":{"where":{"amount":{"gte":1},"deleted_at":null}},"duration":615},"query":"transactions.count","timestamp":"2025-01-03T16:18:45.544Z"}
{"level":"info","message":"Database query executed","params":{"args":{"include":{"categories":true,"payment_methods":true,"transaction_status":true,"transaction_types":true,"users":true},"orderBy":{"transaction_date":"desc"},"skip":0,"take":10,"where":{"amount":{"gte":1},"deleted_at":null}},"duration":2615},"query":"transactions.findMany","timestamp":"2025-01-03T16:18:47.544Z"}
{"action":"getTransactions","arguments":[1,10,{"amountRange":{"min":1}}],"level":"info","message":"Server action executed","result":"success","timestamp":"2025-01-03T16:18:47.545Z"}
{"level":"info","message":"Database query executed","params":{"args":{"select":{"id":true,"name":true},"where":{"deleted_at":null}},"duration":396},"query":"payment_methods.findMany","timestamp":"2025-01-03T16:18:47.993Z"}
{"level":"info","message":"Database query executed","params":{"args":{"select":{"id":true,"name":true},"where":{"deleted_at":null}},"duration":398},"query":"transaction_types.findMany","timestamp":"2025-01-03T16:18:47.994Z"}
{"action":"getTransactionFormOptions","arguments":[],"level":"info","message":"Server action executed","result":"success","timestamp":"2025-01-03T16:18:47.995Z"}
{"level":"info","message":"Database query executed","params":{"args":{"select":{"id":true,"name":true},"where":{"deleted_at":null}},"duration":399},"query":"categories.findMany","timestamp":"2025-01-03T16:18:47.995Z"}
{"level":"info","message":"Database query executed","params":{"args":{"where":{"amount":{"gte":10},"deleted_at":null}},"duration":401},"query":"transactions.count","timestamp":"2025-01-03T16:18:48.447Z"}
{"level":"info","message":"Database query executed","params":{"args":{"include":{"categories":true,"payment_methods":true,"transaction_status":true,"transaction_types":true,"users":true},"orderBy":{"transaction_date":"desc"},"skip":0,"take":10,"where":{"amount":{"gte":10},"deleted_at":null}},"duration":1401},"query":"transactions.findMany","timestamp":"2025-01-03T16:18:49.447Z"}
{"action":"getTransactions","arguments":[1,10,{"amountRange":{"min":10}}],"level":"info","message":"Server action executed","result":"success","timestamp":"2025-01-03T16:18:49.448Z"}
{"level":"info","message":"Database query executed","params":{"args":{"select":{"id":true,"name":true},"where":{"deleted_at":null}},"duration":203},"query":"transaction_types.findMany","timestamp":"2025-01-03T16:18:49.700Z"}
{"action":"getTransactionFormOptions","arguments":[],"level":"info","message":"Server action executed","result":"success","timestamp":"2025-01-03T16:18:49.702Z"}
{"level":"info","message":"Database query executed","params":{"args":{"select":{"id":true,"name":true},"where":{"deleted_at":null}},"duration":204},"query":"categories.findMany","timestamp":"2025-01-03T16:18:49.701Z"}
{"level":"info","message":"Database query executed","params":{"args":{"select":{"id":true,"name":true},"where":{"deleted_at":null}},"duration":204},"query":"payment_methods.findMany","timestamp":"2025-01-03T16:18:49.701Z"}
{"level":"info","message":"Database query executed","params":{"args":{"where":{"amount":{"gte":100},"deleted_at":null}},"duration":395},"query":"transactions.count","timestamp":"2025-01-03T16:18:53.696Z"}
{"level":"info","message":"Database query executed","params":{"args":{"include":{"categories":true,"payment_methods":true,"transaction_status":true,"transaction_types":true,"users":true},"orderBy":{"transaction_date":"desc"},"skip":0,"take":10,"where":{"amount":{"gte":100},"deleted_at":null}},"duration":1803},"query":"transactions.findMany","timestamp":"2025-01-03T16:18:55.104Z"}
{"action":"getTransactions","arguments":[1,10,{"amountRange":{"min":100}}],"level":"info","message":"Server action executed","result":"success","timestamp":"2025-01-03T16:18:55.105Z"}
{"level":"info","message":"Database query executed","params":{"args":{"select":{"id":true,"name":true},"where":{"deleted_at":null}},"duration":197},"query":"categories.findMany","timestamp":"2025-01-03T16:18:55.356Z"}
{"level":"info","message":"Database query executed","params":{"args":{"select":{"id":true,"name":true},"where":{"deleted_at":null}},"duration":200},"query":"transaction_types.findMany","timestamp":"2025-01-03T16:18:55.358Z"}
{"action":"getTransactionFormOptions","arguments":[],"level":"info","message":"Server action executed","result":"success","timestamp":"2025-01-03T16:18:55.359Z"}
{"level":"info","message":"Database query executed","params":{"args":{"select":{"id":true,"name":true},"where":{"deleted_at":null}},"duration":201},"query":"payment_methods.findMany","timestamp":"2025-01-03T16:18:55.359Z"}
{"level":"info","message":"Database query executed","params":{"args":{"where":{"deleted_at":null}},"duration":408},"query":"transactions.count","timestamp":"2025-01-03T16:18:58.709Z"}
{"level":"info","message":"Database query executed","params":{"args":{"include":{"categories":true,"payment_methods":true,"transaction_status":true,"transaction_types":true,"users":true},"orderBy":{"transaction_date":"desc"},"skip":0,"take":10,"where":{"deleted_at":null}},"duration":1411},"query":"transactions.findMany","timestamp":"2025-01-03T16:18:59.705Z"}
{"action":"getTransactions","arguments":[1,10,{}],"level":"info","message":"Server action executed","result":"success","timestamp":"2025-01-03T16:18:59.706Z"}
{"level":"info","message":"Database query executed","params":{"args":{"select":{"id":true,"name":true},"where":{"deleted_at":null}},"duration":197},"query":"payment_methods.findMany","timestamp":"2025-01-03T16:18:59.956Z"}
{"level":"info","message":"Database query executed","params":{"args":{"select":{"id":true,"name":true},"where":{"deleted_at":null}},"duration":200},"query":"transaction_types.findMany","timestamp":"2025-01-03T16:18:59.958Z"}
{"action":"getTransactionFormOptions","arguments":[],"level":"info","message":"Server action executed","result":"success","timestamp":"2025-01-03T16:18:59.958Z"}
{"level":"info","message":"Database query executed","params":{"args":{"select":{"id":true,"name":true},"where":{"deleted_at":null}},"duration":199},"query":"categories.findMany","timestamp":"2025-01-03T16:18:59.958Z"}
{"level":"info","message":"Database query executed","params":{"args":{"where":{"deleted_at":null}},"duration":415},"query":"transactions.count","timestamp":"2025-01-03T16:19:06.802Z"}
{"level":"info","message":"Database query executed","params":{"args":{"include":{"categories":true,"payment_methods":true,"transaction_status":true,"transaction_types":true,"users":true},"orderBy":{"transaction_date":"desc"},"skip":0,"take":10,"where":{"deleted_at":null}},"duration":1415},"query":"transactions.findMany","timestamp":"2025-01-03T16:19:07.802Z"}
{"action":"getTransactions","arguments":[1,10,{}],"level":"info","message":"Server action executed","result":"success","timestamp":"2025-01-03T16:19:07.804Z"}
{"level":"info","message":"Database query executed","params":{"args":{"select":{"id":true,"name":true},"where":{"deleted_at":null}},"duration":199},"query":"transaction_types.findMany","timestamp":"2025-01-03T16:19:08.178Z"}
{"level":"info","message":"Database query executed","params":{"args":{"select":{"id":true,"name":true},"where":{"deleted_at":null}},"duration":200},"query":"categories.findMany","timestamp":"2025-01-03T16:19:08.179Z"}
{"level":"info","message":"Database query executed","params":{"args":{"select":{"id":true,"name":true},"where":{"deleted_at":null}},"duration":394},"query":"payment_methods.findMany","timestamp":"2025-01-03T16:19:08.373Z"}
{"action":"getTransactionFormOptions","arguments":[],"level":"info","message":"Server action executed","result":"success","timestamp":"2025-01-03T16:19:08.373Z"}
{"level":"info","message":"Database query executed","params":{"args":{"where":{"deleted_at":null}},"duration":207},"query":"transactions.count","timestamp":"2025-01-03T16:19:13.664Z"}
{"level":"info","message":"Database query executed","params":{"args":{"include":{"categories":true,"payment_methods":true,"transaction_status":true,"transaction_types":true,"users":true},"orderBy":{"transaction_date":"desc"},"skip":0,"take":10,"where":{"deleted_at":null}},"duration":1989},"query":"transactions.findMany","timestamp":"2025-01-03T16:19:15.445Z"}
{"action":"getTransactions","arguments":[1,10,{}],"level":"info","message":"Server action executed","result":"success","timestamp":"2025-01-03T16:19:15.447Z"}
{"level":"info","message":"Database query executed","params":{"args":{"select":{"id":true,"name":true},"where":{"deleted_at":null}},"duration":198},"query":"categories.findMany","timestamp":"2025-01-03T16:19:15.722Z"}
{"action":"getTransactionFormOptions","arguments":[],"level":"info","message":"Server action executed","result":"success","timestamp":"2025-01-03T16:19:15.724Z"}
{"level":"info","message":"Database query executed","params":{"args":{"select":{"id":true,"name":true},"where":{"deleted_at":null}},"duration":199},"query":"transaction_types.findMany","timestamp":"2025-01-03T16:19:15.723Z"}
{"level":"info","message":"Database query executed","params":{"args":{"select":{"id":true,"name":true},"where":{"deleted_at":null}},"duration":200},"query":"payment_methods.findMany","timestamp":"2025-01-03T16:19:15.724Z"}
